<?xml version="1.0" encoding="UTF-8"?>
<!-- Generated by org.testng.reporters.JUnitReportReporter -->
<testsuite skipped="0" hostname="Diya" name="pages.TestFinance" tests="1" failures="0" timestamp="15 Mar 2017 15:24:25 GMT" time="16.845" errors="0">
  <testcase name="testnglogin" time="16.845" classname="pages.TestFinance"/>
</testsuite> <!-- pages.TestFinance -->
