<?xml version="1.0" encoding="UTF-8"?>
<!-- Generated by org.testng.reporters.JUnitReportReporter -->
<testsuite name="runner.TestRunner" tests="2" time="306.358" ignored="0" failures="0" timestamp="15 Feb 2017 16:13:56 GMT" skipped="0" hostname="Diya" errors="0">
  <testcase name="feature" time="53.849" classname="runner.TestRunner"/>
  <testcase name="feature" time="252.509" classname="runner.TestRunner"/>
</testsuite> <!-- runner.TestRunner -->
