<?xml version="1.0" encoding="UTF-8"?>
<!-- Generated by org.testng.reporters.JUnitReportReporter -->
<testsuite skipped="0" hostname="Diya" name="runner.TestRunner" tests="1" failures="0" timestamp="15 Mar 2017 15:24:25 GMT" time="91.668" errors="0">
  <testcase name="runCukes" time="91.668" classname="runner.TestRunner"/>
</testsuite> <!-- runner.TestRunner -->
