<?xml version="1.0" encoding="UTF-8"?>
<!-- Generated by org.testng.reporters.JUnitReportReporter -->
<testsuite name="pages.TestFinance" tests="1" time="10.165" ignored="0" failures="0" timestamp="15 Feb 2017 21:19:35 GMT" skipped="0" hostname="Diya" errors="0">
  <testcase name="testnglogin" time="10.165" classname="pages.TestFinance"/>
</testsuite> <!-- pages.TestFinance -->
