<?xml version="1.0" encoding="UTF-8"?>
<!-- Generated by org.testng.reporters.JUnitReportReporter -->
<testsuite hostname="Diya" name="MavenDemo.TestFinance" tests="1" failures="0" timestamp="8 Feb 2017 19:57:16 GMT" time="46.111" errors="0">
  <testcase name="testnglogin" time="46.111" classname="MavenDemo.TestFinance"/>
</testsuite> <!-- MavenDemo.TestFinance -->
