<?xml version="1.0" encoding="UTF-8"?>
<!-- Generated by org.testng.reporters.JUnitReportReporter -->
<testsuite name="MavenDemo.LoginFinance" tests="1" time="0.011" ignored="0" failures="0" timestamp="09 Feb 2017 22:15:21 GMT" skipped="0" hostname="Diya" errors="0">
  <testcase name="f" time="0.011" classname="MavenDemo.LoginFinance"/>
</testsuite> <!-- MavenDemo.LoginFinance -->
